Configurations cached at /home/aviv/.config/Code/User/workspaceStorage/2448c597ff897eb7edcc533aa1f4ad0c/ms-vscode.makefile-tools/configurationCache.log
No path to the makefile is defined in the settings file.
No folder path to the makefile is defined in the settings file.
Always pre-configure: false
Dry-run switches: --always-make,--keep-going,--print-directory
Additional compiler names: 
Exclude compiler names: 
No current configuration is defined in the workspace state. Assuming 'Default'.
Reading current build target "all" from the workspace state.
Reading current launch configuration "/home/aviv/Desktop/System_Programming_A_Assignments>graph()" from the workspace state.
Default launch configuration: MIMode = undefined,
                    miDebuggerPath = undefined,
                    stopAtEntry = undefined,
                    symbolSearchPath = undefined
Configure on open: true
Configure on edit: true
Configure after command: true
Only .PHONY targets: false
Save before build or configure: true
Build before launch: true
Clear output before build: true
Ignore directory commands: true
compile_commands.json path: null
Deduced command '/usr/bin/make ' for configuration "Default"
Saving opened files before build.
Configuring from cache: /home/aviv/.config/Code/User/workspaceStorage/2448c597ff897eb7edcc533aa1f4ad0c/ms-vscode.makefile-tools/configurationCache.log
Load configuration from cache elapsed time: 4.144
Sending Workspace Browse Configuration: -----------------------------------
    Browse Path: /home/aviv/Desktop/System_Programming_A_Assignments
    Standard: undefined
    Compiler Path: /usr/bin/gcc
    Compiler Arguments: -Wall;-g;-c;main.c;-Wall;-g;-c;main.c
----------------------------------------------------------------------------
Sending configuration (from cache) for file /home/aviv/Desktop/System_Programming_A_Assignments/graph.c -----------------------------------
    Defines: 
    Includes: 
    Force Includes: 
    Standard: undefined
    IntelliSense Mode: undefined
    Compiler Path: /usr/bin/gcc
    Compiler Arguments: -Wall;-g;-c;graph.c
---------------------------------------------------------------------------------------------------
Sending configuration (from cache) for file /home/aviv/Desktop/System_Programming_A_Assignments/nodes.c -----------------------------------
    Defines: 
    Includes: 
    Force Includes: 
    Standard: undefined
    IntelliSense Mode: undefined
    Compiler Path: /usr/bin/gcc
    Compiler Arguments: -Wall;-g;-c;nodes.c
---------------------------------------------------------------------------------------------------
Sending configuration (from cache) for file /home/aviv/Desktop/System_Programming_A_Assignments/edges.c -----------------------------------
    Defines: 
    Includes: 
    Force Includes: 
    Standard: undefined
    IntelliSense Mode: undefined
    Compiler Path: /usr/bin/gcc
    Compiler Arguments: -Wall;-g;-c;edges.c
---------------------------------------------------------------------------------------------------
Sending configuration (from cache) for file /home/aviv/Desktop/System_Programming_A_Assignments/algo.c -----------------------------------
    Defines: 
    Includes: 
    Force Includes: 
    Standard: undefined
    IntelliSense Mode: undefined
    Compiler Path: /usr/bin/gcc
    Compiler Arguments: -Wall;-g;-c;algo.c
---------------------------------------------------------------------------------------------------
Sending configuration (from cache) for file /home/aviv/Desktop/System_Programming_A_Assignments/main.c -----------------------------------
    Defines: 
    Includes: 
    Force Includes: 
    Standard: undefined
    IntelliSense Mode: undefined
    Compiler Path: /usr/bin/gcc
    Compiler Arguments: -Wall;-g;-c;main.c
---------------------------------------------------------------------------------------------------
Generating in the background a new configuration cache with command: '/usr/bin/make all --dry-run --always-make --keep-going --print-directory'
Writing the dry-run output: /home/aviv/.config/Code/User/workspaceStorage/2448c597ff897eb7edcc533aa1f4ad0c/ms-vscode.makefile-tools/dryrun.log
Spawning child process with:
 process name: /usr/bin/make
 process args: all,--dry-run,--always-make,--keep-going,--print-directory
 working directory: /home/aviv/Desktop/System_Programming_A_Assignments
 shell type: default
Generating dry-run elapsed time: 1.652
Preprocessing: "/home/aviv/.config/Code/User/workspaceStorage/2448c597ff897eb7edcc533aa1f4ad0c/ms-vscode.makefile-tools/dryrun.log"
Preprocess elapsed time: 0
Parsing for IntelliSense.
Updating the CppTools IntelliSense Configuration Provider.
Parsing dry-run output for CppTools Custom Configuration Provider.
Analyzing line: make: Entering directory '/home/aviv/Desktop/System_Programming_A_Assignments'
MAKE -C: entering directory /home/aviv/Desktop/System_Programming_A_Assignments
Found compiler command: gcc -Wall -g -c graph.c
Sending configuration for file /home/aviv/Desktop/System_Programming_A_Assignments/graph.c -----------------------------------
    Defines: 
    Includes: 
    Force Includes: 
    Standard: undefined
    IntelliSense Mode: undefined
    Compiler Path: /usr/bin/gcc
    Compiler Arguments: -Wall;-g;-c;graph.c
---------------------------------------------------------------------------------------------------
Found compiler command: gcc -Wall -g -c nodes.c
Sending configuration for file /home/aviv/Desktop/System_Programming_A_Assignments/nodes.c -----------------------------------
    Defines: 
    Includes: 
    Force Includes: 
    Standard: undefined
    IntelliSense Mode: undefined
    Compiler Path: /usr/bin/gcc
    Compiler Arguments: 
---------------------------------------------------------------------------------------------------
Found compiler command: gcc -Wall -g -c edges.c
Sending configuration for file /home/aviv/Desktop/System_Programming_A_Assignments/edges.c -----------------------------------
    Defines: 
    Includes: 
    Force Includes: 
    Standard: undefined
    IntelliSense Mode: undefined
    Compiler Path: /usr/bin/gcc
    Compiler Arguments: -Wall;-g;-c;edges.c
---------------------------------------------------------------------------------------------------
Found compiler command: gcc -Wall -g -c algo.c
Sending configuration for file /home/aviv/Desktop/System_Programming_A_Assignments/algo.c -----------------------------------
    Defines: 
    Includes: 
    Force Includes: 
    Standard: undefined
    IntelliSense Mode: undefined
    Compiler Path: /usr/bin/gcc
    Compiler Arguments: -Wall;-g;-c;algo.c
---------------------------------------------------------------------------------------------------
Found compiler command: gcc -Wall -g -c main.c
Sending configuration for file /home/aviv/Desktop/System_Programming_A_Assignments/main.c -----------------------------------
    Defines: 
    Includes: 
    Force Includes: 
    Standard: undefined
    IntelliSense Mode: undefined
    Compiler Path: /usr/bin/gcc
    Compiler Arguments: -Wall;-g;-c;main.c
---------------------------------------------------------------------------------------------------
Found compiler command: gcc -Wall -g -o graph graph.o nodes.o edges.o algo.o main.o
Analyzing line: make: Leaving directory '/home/aviv/Desktop/System_Programming_A_Assignments'
POPD command or end of MAKE -C: leaving directory /home/aviv/Desktop/System_Programming_A_Assignments and entering directory /home/aviv/Desktop/System_Programming_A_Assignments
Sending Workspace Browse Configuration: -----------------------------------
    Browse Path: /home/aviv/Desktop/System_Programming_A_Assignments
    Standard: undefined
    Compiler Path: /usr/bin/gcc
    Compiler Arguments: -Wall;-g;-c;main.c
----------------------------------------------------------------------------
Parsing for IntelliSense elapsed time: 2.368
Parsing for launch targets.
Analyzing line: make: Entering directory '/home/aviv/Desktop/System_Programming_A_Assignments'
MAKE -C: entering directory /home/aviv/Desktop/System_Programming_A_Assignments
Found linker command: gcc -Wall -g -o graph graph.o nodes.o edges.o algo.o main.o
Producing target binary: graph
Adding launch configuration:
/home/aviv/Desktop/System_Programming_A_Assignments>graph()
Analyzing line: make: Leaving directory '/home/aviv/Desktop/System_Programming_A_Assignments'
POPD command or end of MAKE -C: leaving directory /home/aviv/Desktop/System_Programming_A_Assignments and entering directory /home/aviv/Desktop/System_Programming_A_Assignments
Analyzing line: make: Entering directory '/home/aviv/Desktop/System_Programming_A_Assignments'
MAKE -C: entering directory /home/aviv/Desktop/System_Programming_A_Assignments
Analyzing line: make: Leaving directory '/home/aviv/Desktop/System_Programming_A_Assignments'
POPD command or end of MAKE -C: leaving directory /home/aviv/Desktop/System_Programming_A_Assignments and entering directory /home/aviv/Desktop/System_Programming_A_Assignments
Found the following 1 launch targets defined in the makefile: /home/aviv/Desktop/System_Programming_A_Assignments>graph()
Complete list of launch targets: /home/aviv/Desktop/System_Programming_A_Assignments>graph()
Parsing for launch targets elapsed time: 0.85
Generating parse content for build targets.
Generating targets information with command: '/usr/bin/make all --print-data-base --no-builtin-variables --no-builtin-rules --question'
Writing the dry-run output: /home/aviv/.config/Code/User/workspaceStorage/2448c597ff897eb7edcc533aa1f4ad0c/ms-vscode.makefile-tools/targets.log
Spawning child process with:
 process name: /usr/bin/make
 process args: all,--print-data-base,--no-builtin-variables,--no-builtin-rules,--question
 working directory: /home/aviv/Desktop/System_Programming_A_Assignments
 shell type: default
Generating dry-run elapsed time: 0.404
Parsing for build targets from: "/home/aviv/.config/Code/User/workspaceStorage/2448c597ff897eb7edcc533aa1f4ad0c/ms-vscode.makefile-tools/targets.log"
Found the following 8 build targets defined in the makefile: algo.o;all;clean;edges.o;graph;graph.o;main.o;nodes.o
Complete list of build targets: algo.o;all;clean;edges.o;graph;graph.o;main.o;nodes.o
Parsing build targets elapsed time: 0.091
Configure finished. The status for all the subphases that ran:
loadFromCache: return code = 0, elapsed time = 4.144
generateParseContent: return code = 0, elapsed time = 1.652
preprocessParseContent: return code = 0, elapsed time = 0
parseIntelliSense: return code = 0, elapsed time = 2.368
parseLaunch: return code = 0, elapsed time = 0.85
dryrunTargets: return code = 1, elapsed time = 0.404
parseTargets: return code = 0, elapsed time = 0.091
Configure succeeded.
Sending telemetry: eventName = configure
properties: firstTime = "false",makeDryRun = "true",readCache = "true",isClean = "true",processTargetsSeparately = "false",resetBuildTarget = "false",triggeredBy = "configure dirty (on open), settings (configureOnOpen)",buildTarget = "all"
measures: numberBuildTargets = "8",numberLaunchTargets = "1",numberIndexedSourceFiles = "5",numberMakefileConfigurations = "0",totalElapsedTime = "11.364",exitCode = "0",loadFromCache.exitCode = "0",loadFromCache.elapsed = "4.144",generateParseContent.exitCode = "0",generateParseContent.elapsed = "1.652",preprocessParseContent.exitCode = "0",preprocessParseContent.elapsed = "0",parseIntelliSense.exitCode = "0",parseIntelliSense.elapsed = "2.368",parseLaunch.exitCode = "0",parseLaunch.elapsed = "0.85",dryrunTargets.exitCode = "1",dryrunTargets.elapsed = "0.404",parseTargets.exitCode = "0",parseTargets.elapsed = "0.091"
Configure elapsed time: 11.364
Sending telemetry: eventName = settings
properties: makefile.launchConfigurations.cwd = "...",makefile.launchConfigurations.binaryPath = "...",makefile.loggingLevel = "Debug",makefile.makePath = "...",makefile.makeDirectory = "undefined",makefile.makefilePath = "undefined",makefile.extensionLog = "..."
Configuration for file /home/aviv/Desktop/System_Programming_A_Assignments/queue.h was not found. CppTools will set a default configuration.
Configuration for file /home/aviv/Desktop/System_Programming_A_Assignments/queue.c was not found. CppTools will set a default configuration.
Configuration for file /home/aviv/Desktop/System_Programming_A_Assignments/queue.h was not found. CppTools will set a default configuration.
Configuring after settings or makefile changes...
Saving opened files before build.
Loading configurations from cache is not necessary.
Generating configuration cache with command: '/usr/bin/make all --dry-run --keep-going --print-directory'
Writing the dry-run output: /home/aviv/.config/Code/User/workspaceStorage/2448c597ff897eb7edcc533aa1f4ad0c/ms-vscode.makefile-tools/dryrun.log
Spawning child process with:
 process name: /usr/bin/make
 process args: all,--dry-run,--keep-going,--print-directory
 working directory: /home/aviv/Desktop/System_Programming_A_Assignments
 shell type: default
Generating dry-run elapsed time: 0.042
Preprocessing: "/home/aviv/.config/Code/User/workspaceStorage/2448c597ff897eb7edcc533aa1f4ad0c/ms-vscode.makefile-tools/dryrun.log"
Preprocess elapsed time: 0
Parsing for IntelliSense.
Updating the CppTools IntelliSense Configuration Provider.
Parsing dry-run output for CppTools Custom Configuration Provider.
Analyzing line: make: Entering directory '/home/aviv/Desktop/System_Programming_A_Assignments'
MAKE -C: entering directory /home/aviv/Desktop/System_Programming_A_Assignments
Found compiler command: gcc -Wall -g -c graph.c
Sending configuration for file /home/aviv/Desktop/System_Programming_A_Assignments/graph.c -----------------------------------
    Defines: 
    Includes: 
    Force Includes: 
    Standard: undefined
    IntelliSense Mode: undefined
    Compiler Path: /usr/bin/gcc
    Compiler Arguments: -Wall;-g;-c;graph.c
---------------------------------------------------------------------------------------------------
Found compiler command: gcc -Wall -g -c nodes.c
Sending configuration for file /home/aviv/Desktop/System_Programming_A_Assignments/nodes.c -----------------------------------
    Defines: 
    Includes: 
    Force Includes: 
    Standard: undefined
    IntelliSense Mode: undefined
    Compiler Path: /usr/bin/gcc
    Compiler Arguments: -Wall;-g;-c;nodes.c
---------------------------------------------------------------------------------------------------
Found compiler command: gcc -Wall -g -c edges.c
Sending configuration for file /home/aviv/Desktop/System_Programming_A_Assignments/edges.c -----------------------------------
    Defines: 
    Includes: 
    Force Includes: 
    Standard: undefined
    IntelliSense Mode: undefined
    Compiler Path: /usr/bin/gcc
    Compiler Arguments: -Wall;-g;-c;edges.c
---------------------------------------------------------------------------------------------------
Found compiler command: gcc -Wall -g -c algo.c
Sending configuration for file /home/aviv/Desktop/System_Programming_A_Assignments/algo.c -----------------------------------
    Defines: 
    Includes: 
    Force Includes: 
    Standard: undefined
    IntelliSense Mode: undefined
    Compiler Path: /usr/bin/gcc
    Compiler Arguments: -Wall;-g;-c;algo.c
---------------------------------------------------------------------------------------------------
Found compiler command: gcc -Wall -g -c main.c
Sending configuration for file /home/aviv/Desktop/System_Programming_A_Assignments/main.c -----------------------------------
    Defines: 
    Includes: 
    Force Includes: 
    Standard: undefined
    IntelliSense Mode: undefined
    Compiler Path: /usr/bin/gcc
    Compiler Arguments: -Wall;-g;-c;main.c
---------------------------------------------------------------------------------------------------
Found compiler command: gcc -Wall -g -c queue.c
Sending configuration for file /home/aviv/Desktop/System_Programming_A_Assignments/queue.c -----------------------------------
    Defines: 
    Includes: 
    Force Includes: 
    Standard: undefined
    IntelliSense Mode: undefined
    Compiler Path: /usr/bin/gcc
    Compiler Arguments: -Wall;-g;-c;queue.c
---------------------------------------------------------------------------------------------------
Found compiler command: gcc -Wall -g -o graph graph.o nodes.o edges.o algo.o main.o
Analyzing line: make: Leaving directory '/home/aviv/Desktop/System_Programming_A_Assignments'
POPD command or end of MAKE -C: leaving directory /home/aviv/Desktop/System_Programming_A_Assignments and entering directory /home/aviv/Desktop/System_Programming_A_Assignments
Sending Workspace Browse Configuration: -----------------------------------
    Browse Path: /home/aviv/Desktop/System_Programming_A_Assignments
    Standard: undefined
    Compiler Path: /usr/bin/gcc
    Compiler Arguments: -Wall;-g;-c;main.c;-Wall;-g;-c;queue.c
----------------------------------------------------------------------------
Parsing for IntelliSense elapsed time: 0.32
Parsing for launch targets.
Analyzing line: make: Entering directory '/home/aviv/Desktop/System_Programming_A_Assignments'
MAKE -C: entering directory /home/aviv/Desktop/System_Programming_A_Assignments
Found linker command: gcc -Wall -g -o graph graph.o nodes.o edges.o algo.o main.o
Producing target binary: graph
Adding launch configuration:
/home/aviv/Desktop/System_Programming_A_Assignments>graph()
Analyzing line: make: Leaving directory '/home/aviv/Desktop/System_Programming_A_Assignments'
POPD command or end of MAKE -C: leaving directory /home/aviv/Desktop/System_Programming_A_Assignments and entering directory /home/aviv/Desktop/System_Programming_A_Assignments
Analyzing line: make: Entering directory '/home/aviv/Desktop/System_Programming_A_Assignments'
MAKE -C: entering directory /home/aviv/Desktop/System_Programming_A_Assignments
Analyzing line: make: Leaving directory '/home/aviv/Desktop/System_Programming_A_Assignments'
POPD command or end of MAKE -C: leaving directory /home/aviv/Desktop/System_Programming_A_Assignments and entering directory /home/aviv/Desktop/System_Programming_A_Assignments
Found the following 1 new launch targets defined in the makefile: /home/aviv/Desktop/System_Programming_A_Assignments>graph()
Complete list of launch targets: /home/aviv/Desktop/System_Programming_A_Assignments>graph()
Parsing for launch targets elapsed time: 0.028
Generating parse content for build targets.
Generating targets information with command: '/usr/bin/make all --print-data-base --no-builtin-variables --no-builtin-rules --question'
Writing the dry-run output: /home/aviv/.config/Code/User/workspaceStorage/2448c597ff897eb7edcc533aa1f4ad0c/ms-vscode.makefile-tools/targets.log
Spawning child process with:
 process name: /usr/bin/make
 process args: all,--print-data-base,--no-builtin-variables,--no-builtin-rules,--question
 working directory: /home/aviv/Desktop/System_Programming_A_Assignments
 shell type: default
Generating dry-run elapsed time: 0.047
Parsing for build targets from: "/home/aviv/.config/Code/User/workspaceStorage/2448c597ff897eb7edcc533aa1f4ad0c/ms-vscode.makefile-tools/targets.log"
Found the following 9 new build targets defined in the makefile: algo.o;all;clean;edges.o;graph;graph.o;main.o;nodes.o;queue.o
Complete list of build targets: algo.o;all;clean;edges.o;graph;graph.o;main.o;nodes.o;queue.o
Parsing build targets elapsed time: 0.003
Configure finished. The status for all the subphases that ran:
generateParseContent: return code = 0, elapsed time = 0.042
preprocessParseContent: return code = 0, elapsed time = 0
parseIntelliSense: return code = 0, elapsed time = 0.32
parseLaunch: return code = 0, elapsed time = 0.028
dryrunTargets: return code = 1, elapsed time = 0.047
parseTargets: return code = 0, elapsed time = 0.003
Configure succeeded.
Sending telemetry: eventName = configure
properties: firstTime = "false",makeDryRun = "true",readCache = "true",isClean = "false",processTargetsSeparately = "false",resetBuildTarget = "false",triggeredBy = "configure dirty (editor focus change), settings (configureOnEdit)",buildTarget = "all"
measures: numberBuildTargets = "9",numberLaunchTargets = "1",numberIndexedSourceFiles = "6",numberMakefileConfigurations = "0",totalElapsedTime = "0.499",exitCode = "0",generateParseContent.exitCode = "0",generateParseContent.elapsed = "0.042",preprocessParseContent.exitCode = "0",preprocessParseContent.elapsed = "0",parseIntelliSense.exitCode = "0",parseIntelliSense.elapsed = "0.32",parseLaunch.exitCode = "0",parseLaunch.elapsed = "0.028",dryrunTargets.exitCode = "1",dryrunTargets.elapsed = "0.047",parseTargets.exitCode = "0",parseTargets.elapsed = "0.003"
Configure elapsed time: 0.499
Configuring after settings or makefile changes...
Saving opened files before build.
Loading configurations from cache is not necessary.
Generating configuration cache with command: '/usr/bin/make all --dry-run --keep-going --print-directory'
Writing the dry-run output: /home/aviv/.config/Code/User/workspaceStorage/2448c597ff897eb7edcc533aa1f4ad0c/ms-vscode.makefile-tools/dryrun.log
Spawning child process with:
 process name: /usr/bin/make
 process args: all,--dry-run,--keep-going,--print-directory
 working directory: /home/aviv/Desktop/System_Programming_A_Assignments
 shell type: default
Generating dry-run elapsed time: 0.104
Preprocessing: "/home/aviv/.config/Code/User/workspaceStorage/2448c597ff897eb7edcc533aa1f4ad0c/ms-vscode.makefile-tools/dryrun.log"
Preprocess elapsed time: 0
Parsing for IntelliSense.
Updating the CppTools IntelliSense Configuration Provider.
Parsing dry-run output for CppTools Custom Configuration Provider.
Analyzing line: make: Entering directory '/home/aviv/Desktop/System_Programming_A_Assignments'
MAKE -C: entering directory /home/aviv/Desktop/System_Programming_A_Assignments
Analyzing line: make: Leaving directory '/home/aviv/Desktop/System_Programming_A_Assignments'
POPD command or end of MAKE -C: leaving directory /home/aviv/Desktop/System_Programming_A_Assignments and entering directory /home/aviv/Desktop/System_Programming_A_Assignments
Sending Workspace Browse Configuration: -----------------------------------
    Browse Path: /home/aviv/Desktop/System_Programming_A_Assignments
    Standard: undefined
    Compiler Path: undefined
    Compiler Arguments: -Wall;-g;-c;main.c;-Wall;-g;-c;queue.c
----------------------------------------------------------------------------
Parsing for IntelliSense elapsed time: 0.007
Parsing for launch targets.
Analyzing line: make: Entering directory '/home/aviv/Desktop/System_Programming_A_Assignments'
MAKE -C: entering directory /home/aviv/Desktop/System_Programming_A_Assignments
Analyzing line: make: Leaving directory '/home/aviv/Desktop/System_Programming_A_Assignments'
POPD command or end of MAKE -C: leaving directory /home/aviv/Desktop/System_Programming_A_Assignments and entering directory /home/aviv/Desktop/System_Programming_A_Assignments
No new new launch configurations have been detected.
Complete list of launch targets: /home/aviv/Desktop/System_Programming_A_Assignments>graph()
Parsing for launch targets elapsed time: 0.002
Generating parse content for build targets.
Generating targets information with command: '/usr/bin/make all --print-data-base --no-builtin-variables --no-builtin-rules --question'
Writing the dry-run output: /home/aviv/.config/Code/User/workspaceStorage/2448c597ff897eb7edcc533aa1f4ad0c/ms-vscode.makefile-tools/targets.log
Spawning child process with:
 process name: /usr/bin/make
 process args: all,--print-data-base,--no-builtin-variables,--no-builtin-rules,--question
 working directory: /home/aviv/Desktop/System_Programming_A_Assignments
 shell type: default
Configuration for file /home/aviv/Desktop/System_Programming_A_Assignments/algo.h was not found. Searching in the current configure temporary file index.
Configuration for file /home/aviv/Desktop/System_Programming_A_Assignments/algo.h was not found. CppTools will set a default configuration.
Generating dry-run elapsed time: 0.135
Parsing for build targets from: "/home/aviv/.config/Code/User/workspaceStorage/2448c597ff897eb7edcc533aa1f4ad0c/ms-vscode.makefile-tools/targets.log"
Found the following 9 new build targets defined in the makefile: algo.o;all;clean;edges.o;graph;graph.o;main.o;nodes.o;queue.o
Complete list of build targets: algo.o;all;clean;edges.o;graph;graph.o;main.o;nodes.o;queue.o
Parsing build targets elapsed time: 0.004
Configure finished. The status for all the subphases that ran:
generateParseContent: return code = 0, elapsed time = 0.104
preprocessParseContent: return code = 0, elapsed time = 0
parseIntelliSense: return code = 0, elapsed time = 0.007
parseLaunch: return code = 0, elapsed time = 0.002
dryrunTargets: return code = 0, elapsed time = 0.135
parseTargets: return code = 0, elapsed time = 0.004
Configure succeeded.
Sending telemetry: eventName = configure
properties: firstTime = "false",makeDryRun = "true",readCache = "true",isClean = "false",processTargetsSeparately = "false",resetBuildTarget = "false",triggeredBy = "configure dirty (editor focus change), settings (configureOnEdit)",buildTarget = "all"
measures: numberBuildTargets = "9",numberLaunchTargets = "1",numberIndexedSourceFiles = "6",numberMakefileConfigurations = "0",totalElapsedTime = "0.278",exitCode = "0",generateParseContent.exitCode = "0",generateParseContent.elapsed = "0.104",preprocessParseContent.exitCode = "0",preprocessParseContent.elapsed = "0",parseIntelliSense.exitCode = "0",parseIntelliSense.elapsed = "0.007",parseLaunch.exitCode = "0",parseLaunch.elapsed = "0.002",dryrunTargets.exitCode = "0",dryrunTargets.elapsed = "0.135",parseTargets.exitCode = "0",parseTargets.elapsed = "0.004"
Configure elapsed time: 0.278
Configuration for file /home/aviv/Desktop/System_Programming_A_Assignments/nodes.h was not found. CppTools will set a default configuration.
Configuration for file /home/aviv/Desktop/System_Programming_A_Assignments/queue.h was not found. CppTools will set a default configuration.
Configuration for file /home/aviv/Desktop/System_Programming_A_Assignments/algo.h was not found. CppTools will set a default configuration.
Configuration for file /home/aviv/Desktop/System_Programming_A_Assignments/priority_queue.c was not found. CppTools will set a default configuration.
